2021-06-08 01:05:08.526  INFO 8716 --- [main] c.e.k.KidsZoneA4arctic3ApplicationTests  : Starting KidsZoneA4arctic3ApplicationTests on DESKTOP-63FMP1U with PID 8716 (started by Amal in C:\products\PICloudKidZoneA-4ArcTic3--master)
2021-06-08 01:05:08.531  INFO 8716 --- [main] c.e.k.KidsZoneA4arctic3ApplicationTests  : No active profile set, falling back to default profiles: default
2021-06-08 01:05:10.755  INFO 8716 --- [main] .s.d.r.c.RepositoryConfigurationDelegate : Bootstrapping Spring Data JPA repositories in DEFERRED mode.
2021-06-08 01:05:11.464  INFO 8716 --- [main] .s.d.r.c.RepositoryConfigurationDelegate : Finished Spring Data repository scanning in 661ms. Found 12 JPA repository interfaces.
2021-06-08 01:05:12.821  INFO 8716 --- [main] o.s.s.concurrent.ThreadPoolTaskExecutor  : Initializing ExecutorService 'applicationTaskExecutor'
2021-06-08 01:05:13.098  INFO 8716 --- [task-1] o.hibernate.jpa.internal.util.LogHelper  : HHH000204: Processing PersistenceUnitInfo [name: default]
2021-06-08 01:05:13.651  INFO 8716 --- [task-1] org.hibernate.Version                    : HHH000412: Hibernate ORM core version 5.4.22.Final
2021-06-08 01:05:14.311  INFO 8716 --- [task-1] o.hibernate.annotations.common.Version   : HCANN000001: Hibernate Commons Annotations {5.1.0.Final}
2021-06-08 01:05:15.141  INFO 8716 --- [task-1] com.zaxxer.hikari.HikariDataSource       : HikariPool-1 - Starting...
2021-06-08 01:05:15.889  INFO 8716 --- [task-1] com.zaxxer.hikari.HikariDataSource       : HikariPool-1 - Start completed.
2021-06-08 01:05:15.943  INFO 8716 --- [task-1] org.hibernate.dialect.Dialect            : HHH000400: Using dialect: org.hibernate.dialect.MySQL5Dialect
2021-06-08 01:05:17.425  INFO 8716 --- [task-1] org.hibernate.tuple.PojoInstantiator     : HHH000182: No default (no-argument) constructor for class: com.example.kidszonea4arctic3.models.Views (class must be instantiated by Interceptor)
2021-06-08 01:05:20.037  INFO 8716 --- [task-1] o.h.e.t.j.p.i.JtaPlatformInitiator       : HHH000490: Using JtaPlatform implementation: [org.hibernate.engine.transaction.jta.platform.internal.NoJtaPlatform]
2021-06-08 01:05:20.052  INFO 8716 --- [task-1] j.LocalContainerEntityManagerFactoryBean : Initialized JPA EntityManagerFactory for persistence unit 'default'
2021-06-08 01:05:23.482  WARN 8716 --- [main] JpaBaseConfiguration$JpaWebConfiguration : spring.jpa.open-in-view is enabled by default. Therefore, database queries may be performed during view rendering. Explicitly configure spring.jpa.open-in-view to disable this warning
2021-06-08 01:05:24.925  WARN 8716 --- [main] ion$DefaultTemplateResolverConfiguration : Cannot find template location: classpath:/templates/ (please add some templates or check your Thymeleaf configuration)
2021-06-08 01:05:25.961  INFO 8716 --- [main] DeferredRepositoryInitializationListener : Triggering deferred initialization of Spring Data repositories…
2021-06-08 01:05:26.221  INFO 8716 --- [main] DeferredRepositoryInitializationListener : Spring Data repositories initialized!
2021-06-08 01:05:26.240  INFO 8716 --- [main] c.e.k.KidsZoneA4arctic3ApplicationTests  : Started KidsZoneA4arctic3ApplicationTests in 18.405 seconds (JVM running for 21.69)
2021-06-08 01:05:26.671  INFO 8716 --- [SpringContextShutdownHook] j.LocalContainerEntityManagerFactoryBean : Closing JPA EntityManagerFactory for persistence unit 'default'
2021-06-08 01:05:26.675  INFO 8716 --- [SpringContextShutdownHook] o.s.s.concurrent.ThreadPoolTaskExecutor  : Shutting down ExecutorService 'applicationTaskExecutor'
2021-06-08 01:05:26.676  INFO 8716 --- [SpringContextShutdownHook] com.zaxxer.hikari.HikariDataSource       : HikariPool-1 - Shutdown initiated...
2021-06-08 01:05:26.694  INFO 8716 --- [SpringContextShutdownHook] com.zaxxer.hikari.HikariDataSource       : HikariPool-1 - Shutdown completed.
2021-06-08 01:06:08.926  INFO 13564 --- [main] c.e.k.KidsZoneA4arctic3Application       : Starting KidsZoneA4arctic3Application on DESKTOP-63FMP1U with PID 13564 (C:\products\PICloudKidZoneA-4ArcTic3--master\src\main\webapp\WEB-INF\classes started by Amal in C:\products\PICloudKidZoneA-4ArcTic3--master)
2021-06-08 01:06:08.930  INFO 13564 --- [main] c.e.k.KidsZoneA4arctic3Application       : No active profile set, falling back to default profiles: default
2021-06-08 01:06:09.615  INFO 13564 --- [main] .s.d.r.c.RepositoryConfigurationDelegate : Bootstrapping Spring Data JPA repositories in DEFERRED mode.
2021-06-08 01:06:09.794  INFO 13564 --- [main] .s.d.r.c.RepositoryConfigurationDelegate : Finished Spring Data repository scanning in 168ms. Found 12 JPA repository interfaces.
2021-06-08 01:06:11.052  INFO 13564 --- [main] o.s.b.w.embedded.tomcat.TomcatWebServer  : Tomcat initialized with port(s): 8024 (http)
2021-06-08 01:06:11.098  INFO 13564 --- [main] o.apache.catalina.core.StandardService   : Starting service [Tomcat]
2021-06-08 01:06:11.100  INFO 13564 --- [main] org.apache.catalina.core.StandardEngine  : Starting Servlet engine: [Apache Tomcat/9.0.39]
2021-06-08 01:06:11.466  INFO 13564 --- [main] org.apache.jasper.servlet.TldScanner     : At least one JAR was scanned for TLDs yet contained no TLDs. Enable debug logging for this logger for a complete list of JARs that were scanned but no TLDs were found in them. Skipping unneeded JARs during scanning can improve startup time and JSP compilation time.
2021-06-08 01:06:11.479  INFO 13564 --- [main] o.a.c.c.C.[.[localhost].[/SpringMVC]     : Initializing Spring embedded WebApplicationContext
2021-06-08 01:06:11.479  INFO 13564 --- [main] w.s.c.ServletWebServerApplicationContext : Root WebApplicationContext: initialization completed in 2488 ms
2021-06-08 01:06:11.615  INFO 13564 --- [main] .a.m.c.DefaultFacesConfigurationProvider : Reading standard config META-INF/standard-faces-config.xml
2021-06-08 01:06:11.757  INFO 13564 --- [main] .a.m.c.DefaultFacesConfigurationProvider : Reading config /WEB-INF/faces-config.xml
2021-06-08 01:06:12.424  INFO 13564 --- [main] .a.m.c.DefaultFacesConfigurationProvider : Reading config : jar:file:/C:/Users/Amal/.m2/repository/org/primefaces/primefaces/10.0.0/primefaces-10.0.0.jar!/META-INF/faces-config.xml
2021-06-08 01:06:12.434  INFO 13564 --- [main] .a.m.c.DefaultFacesConfigurationProvider : Reading config : jar:file:/C:/Users/Amal/.m2/repository/org/ocpsoft/rewrite/rewrite-integration-faces/3.4.1.Final/rewrite-integration-faces-3.4.1.Final.jar!/META-INF/faces-config.xml
2021-06-08 01:06:12.639  INFO 13564 --- [main] o.apache.myfaces.config.LogMetaInfUtils  : Artifact 'myfaces-api' was found in version '2.2.12' from path 'file:/C:/Users/Amal/.m2/repository/org/apache/myfaces/core/myfaces-api/2.2.12/myfaces-api-2.2.12.jar'
2021-06-08 01:06:12.640  INFO 13564 --- [main] o.apache.myfaces.config.LogMetaInfUtils  : Artifact 'myfaces-impl' was found in version '2.2.12' from path 'file:/C:/Users/Amal/.m2/repository/org/apache/myfaces/core/myfaces-impl/2.2.12/myfaces-impl-2.2.12.jar'
2021-06-08 01:06:12.650  INFO 13564 --- [main] o.a.myfaces.util.ExternalSpecifications  : MyFaces CDI support disabled
2021-06-08 01:06:12.653  INFO 13564 --- [main] .a.m.s.i.DefaultInjectionProviderFactory : Using InjectionProvider org.apache.myfaces.spi.impl.Tomcat7AnnotationInjectionProvider
2021-06-08 01:06:12.728  INFO 13564 --- [main] o.a.myfaces.util.ExternalSpecifications  : MyFaces Bean Validation support disabled
2021-06-08 01:06:12.754  INFO 13564 --- [main] unknown.jul.logger                       : RewritePhaseListener starting up.
2021-06-08 01:06:12.765  INFO 13564 --- [main] o.a.myfaces.application.ApplicationImpl  : Couldn't discover the current project stage, using Production
2021-06-08 01:06:12.766  INFO 13564 --- [main] o.a.myfaces.config.FacesConfigurator     : Serialization provider : class org.apache.myfaces.shared_impl.util.serial.DefaultSerialFactory
2021-06-08 01:06:12.775  INFO 13564 --- [main] .a.m.c.a.DefaultLifecycleProviderFactory : Using LifecycleProvider org.apache.myfaces.config.annotation.Tomcat7AnnotationLifecycleProvider
2021-06-08 01:06:12.894  INFO 13564 --- [main] .w.PostConstructApplicationEventListener : Running on PrimeFaces 10.0.0
2021-06-08 01:06:12.894  INFO 13564 --- [main] o.a.m.webapp.AbstractFacesInitializer    : ServletContext initialized.
2021-06-08 01:06:12.898  INFO 13564 --- [main] o.a.m.webapp.WebConfigParamsLogger       : Tomahawk jar not available. Autoscrolling, DetectJavascript, AddResourceClass and CheckExtensionsFilter are disabled now.
2021-06-08 01:06:12.901  INFO 13564 --- [main] o.a.m.webapp.WebConfigParamsLogger       : Scanning for context init parameters not defined. It is not necessary to define them all into your web.xml, they are just provided here for informative purposes. To disable this messages set org.apache.myfaces.LOG_WEB_CONTEXT_PARAMS config param to 'false'
2021-06-08 01:06:12.901  INFO 13564 --- [main] o.a.m.webapp.WebConfigParamsLogger       : No context init parameter 'javax.faces.RESOURCE_EXCLUDES' found, using default value '.class .jsp .jspx .properties .xhtml .groovy'.
2021-06-08 01:06:12.902  INFO 13564 --- [main] o.a.m.webapp.WebConfigParamsLogger       : No context init parameter 'javax.faces.STATE_SAVING_METHOD' found, using default value 'server'.
2021-06-08 01:06:12.902  INFO 13564 --- [main] o.a.m.webapp.WebConfigParamsLogger       : No context init parameter 'javax.faces.FULL_STATE_SAVING_VIEW_IDS' found.
2021-06-08 01:06:12.903  INFO 13564 --- [main] o.a.m.webapp.WebConfigParamsLogger       : No context init parameter 'javax.faces.PARTIAL_STATE_SAVING' found, using default value 'true (false with 1.2 webapps)'.
2021-06-08 01:06:12.903  INFO 13564 --- [main] o.a.m.webapp.WebConfigParamsLogger       : No context init parameter 'javax.faces.SERIALIZE_SERVER_STATE' found, using default value 'false'.
2021-06-08 01:06:12.904  INFO 13564 --- [main] o.a.m.webapp.WebConfigParamsLogger       : No context init parameter 'javax.faces.DEFAULT_SUFFIX' found, using default value '.xhtml .view.xml .jsp'.
2021-06-08 01:06:12.911  INFO 13564 --- [main] o.a.m.webapp.WebConfigParamsLogger       : No context init parameter 'javax.faces.FACELETS_SUFFIX' found, using default value '.xhtml'.
2021-06-08 01:06:12.911  INFO 13564 --- [main] o.a.m.webapp.WebConfigParamsLogger       : No context init parameter 'javax.faces.FACELETS_VIEW_MAPPINGS' found.
2021-06-08 01:06:12.914  INFO 13564 --- [main] o.a.m.webapp.WebConfigParamsLogger       : No context init parameter 'DISABLE_FACELET_JSF_VIEWHANDLER' found.
2021-06-08 01:06:12.915  INFO 13564 --- [main] o.a.m.webapp.WebConfigParamsLogger       : No context init parameter 'javax.faces.FACELETS_BUFFER_SIZE' found, using default value '1024'.
2021-06-08 01:06:12.915  INFO 13564 --- [main] o.a.m.webapp.WebConfigParamsLogger       : No context init parameter 'javax.faces.FACELETS_DECORATORS' found.
2021-06-08 01:06:12.916  INFO 13564 --- [main] o.a.m.webapp.WebConfigParamsLogger       : No context init parameter 'javax.faces.FACELETS_LIBRARIES' found.
2021-06-08 01:06:12.916  INFO 13564 --- [main] o.a.m.webapp.WebConfigParamsLogger       : No context init parameter 'javax.faces.FACELETS_REFRESH_PERIOD' found, using default value '-1'.
2021-06-08 01:06:12.916  INFO 13564 --- [main] o.a.m.webapp.WebConfigParamsLogger       : No context init parameter 'javax.faces.FACELETS_SKIP_COMMENTS' found.
2021-06-08 01:06:12.917  INFO 13564 --- [main] o.a.m.webapp.WebConfigParamsLogger       : No context init parameter 'javax.faces.HONOR_CURRENT_COMPONENT_ATTRIBUTES' found, using default value 'false'.
2021-06-08 01:06:12.917  INFO 13564 --- [main] o.a.m.webapp.WebConfigParamsLogger       : No context init parameter 'javax.faces.VALIDATE_EMPTY_FIELDS' found, using default value 'auto'.
2021-06-08 01:06:12.918  INFO 13564 --- [main] o.a.m.webapp.WebConfigParamsLogger       : No context init parameter 'javax.faces.INTERPRET_EMPTY_STRING_SUBMITTED_VALUES_AS_NULL' found, using default value 'false'.
2021-06-08 01:06:12.918  INFO 13564 --- [main] o.a.m.webapp.WebConfigParamsLogger       : No context init parameter 'javax.faces.DATETIMECONVERTER_DEFAULT_TIMEZONE_IS_SYSTEM_TIMEZONE' found, using default value 'false'.
2021-06-08 01:06:12.918  INFO 13564 --- [main] o.a.m.webapp.WebConfigParamsLogger       : No context init parameter 'org.apache.myfaces.ENUM_CONVERTER_ALLOW_STRING_PASSTROUGH' found, using default value 'false'.
2021-06-08 01:06:12.922  INFO 13564 --- [main] o.a.m.webapp.WebConfigParamsLogger       : No context init parameter 'javax.faces.validator.DISABLE_DEFAULT_BEAN_VALIDATOR' found, using default value 'true'.
2021-06-08 01:06:12.930  INFO 13564 --- [main] o.a.m.webapp.WebConfigParamsLogger       : No context init parameter 'javax.faces.CONFIG_FILES' found.
2021-06-08 01:06:12.933  INFO 13564 --- [main] o.a.m.webapp.WebConfigParamsLogger       : No context init parameter 'javax.faces.LIFECYCLE_ID' found.
2021-06-08 01:06:12.933  INFO 13564 --- [main] o.a.m.webapp.WebConfigParamsLogger       : No context init parameter 'org.apache.myfaces.ERROR_HANDLER' found.
2021-06-08 01:06:12.937  INFO 13564 --- [main] o.a.m.webapp.WebConfigParamsLogger       : No context init parameter 'org.apache.myfaces.CHECKED_VIEWID_CACHE_SIZE' found, using default value '500'.
2021-06-08 01:06:12.938  INFO 13564 --- [main] o.a.m.webapp.WebConfigParamsLogger       : No context init parameter 'org.apache.myfaces.CHECKED_VIEWID_CACHE_ENABLED' found, using default value 'true'.
2021-06-08 01:06:12.938  INFO 13564 --- [main] o.a.m.webapp.WebConfigParamsLogger       : No context init parameter 'org.apache.myfaces.PRETTY_HTML' found, using default value 'true'.
2021-06-08 01:06:12.938  INFO 13564 --- [main] o.a.m.webapp.WebConfigParamsLogger       : No context init parameter 'org.apache.myfaces.ALLOW_JAVASCRIPT' found, using default value 'true'.
2021-06-08 01:06:12.939  INFO 13564 --- [main] o.a.m.webapp.WebConfigParamsLogger       : No context init parameter 'org.apache.myfaces.CONFIG_REFRESH_PERIOD' found, using default value '2'.
2021-06-08 01:06:12.944  INFO 13564 --- [main] o.a.m.webapp.WebConfigParamsLogger       : No context init parameter 'org.apache.myfaces.VIEWSTATE_JAVASCRIPT' found, using default value 'false'.
2021-06-08 01:06:12.947  INFO 13564 --- [main] o.a.m.webapp.WebConfigParamsLogger       : No context init parameter 'org.apache.myfaces.RENDER_VIEWSTATE_ID' found, using default value 'true'.
2021-06-08 01:06:12.951  INFO 13564 --- [main] o.a.m.webapp.WebConfigParamsLogger       : No context init parameter 'org.apache.myfaces.STRICT_XHTML_LINKS' found, using default value 'true'.
2021-06-08 01:06:12.952  INFO 13564 --- [main] o.a.m.webapp.WebConfigParamsLogger       : No context init parameter 'org.apache.myfaces.RENDER_CLEAR_JAVASCRIPT_FOR_BUTTON' found, using default value 'false'.
2021-06-08 01:06:12.952  INFO 13564 --- [main] o.a.m.webapp.WebConfigParamsLogger       : No context init parameter 'org.apache.myfaces.RENDER_HIDDEN_FIELDS_FOR_LINK_PARAMS' found, using default value 'false'.
2021-06-08 01:06:12.952  INFO 13564 --- [main] o.a.m.webapp.WebConfigParamsLogger       : No context init parameter 'org.apache.myfaces.SAVE_FORM_SUBMIT_LINK_IE' found, using default value 'false'.
2021-06-08 01:06:12.953  INFO 13564 --- [main] o.a.m.webapp.WebConfigParamsLogger       : No context init parameter 'org.apache.myfaces.DELEGATE_FACES_SERVLET' found.
2021-06-08 01:06:12.953  INFO 13564 --- [main] o.a.m.webapp.WebConfigParamsLogger       : No context init parameter 'org.apache.myfaces.REFRESH_TRANSIENT_BUILD_ON_PSS' found, using default value 'auto'.
2021-06-08 01:06:12.954  INFO 13564 --- [main] o.a.m.webapp.WebConfigParamsLogger       : No context init parameter 'org.apache.myfaces.REFRESH_TRANSIENT_BUILD_ON_PSS_PRESERVE_STATE' found, using default value 'false'.
2021-06-08 01:06:12.954  INFO 13564 --- [main] o.a.m.webapp.WebConfigParamsLogger       : No context init parameter 'org.apache.myfaces.VALIDATE_XML' found.
2021-06-08 01:06:12.963  INFO 13564 --- [main] o.a.m.webapp.WebConfigParamsLogger       : No context init parameter 'org.apache.myfaces.WRAP_SCRIPT_CONTENT_WITH_XML_COMMENT_TAG' found, using default value 'false'.
2021-06-08 01:06:12.967  INFO 13564 --- [main] o.a.m.webapp.WebConfigParamsLogger       : No context init parameter 'org.apache.myfaces.RENDER_FORM_SUBMIT_SCRIPT_INLINE' found, using default value 'false'.
2021-06-08 01:06:12.968  INFO 13564 --- [main] o.a.m.webapp.WebConfigParamsLogger       : No context init parameter 'org.apache.myfaces.DEBUG_PHASE_LISTENER' found.
2021-06-08 01:06:12.968  INFO 13564 --- [main] o.a.m.webapp.WebConfigParamsLogger       : No context init parameter 'org.apache.myfaces.STRICT_JSF_2_REFRESH_TARGET_AJAX' found, using default value 'false'.
2021-06-08 01:06:12.968  INFO 13564 --- [main] o.a.m.webapp.WebConfigParamsLogger       : No context init parameter 'org.apache.myfaces.STRICT_JSF_2_CC_EL_RESOLVER' found, using default value 'false'.
2021-06-08 01:06:12.969  INFO 13564 --- [main] o.a.m.webapp.WebConfigParamsLogger       : No context init parameter 'org.apache.myfaces.DEFAULT_RESPONSE_WRITER_CONTENT_TYPE_MODE' found, using default value 'text/html'.
2021-06-08 01:06:12.969  INFO 13564 --- [main] o.a.m.webapp.WebConfigParamsLogger       : No context init parameter 'org.apache.myfaces.VIEW_UNIQUE_IDS_CACHE_ENABLED' found, using default value 'true'.
2021-06-08 01:06:12.970  INFO 13564 --- [main] o.a.m.webapp.WebConfigParamsLogger       : No context init parameter 'org.apache.myfaces.COMPONENT_UNIQUE_IDS_CACHE_SIZE' found, using default value '100'.
2021-06-08 01:06:12.970  INFO 13564 --- [main] o.a.m.webapp.WebConfigParamsLogger       : No context init parameter 'org.apache.myfaces.SUPPORT_JSP_AND_FACES_EL' found, using default value 'true'.
2021-06-08 01:06:12.971  INFO 13564 --- [main] o.a.m.webapp.WebConfigParamsLogger       : No context init parameter 'org.apache.myfaces.GAE_JSF_JAR_FILES' found.
2021-06-08 01:06:12.980  INFO 13564 --- [main] o.a.m.webapp.WebConfigParamsLogger       : No context init parameter 'org.apache.myfaces.GAE_JSF_ANNOTATIONS_JAR_FILES' found.
2021-06-08 01:06:12.982  INFO 13564 --- [main] o.a.m.webapp.WebConfigParamsLogger       : No context init parameter 'org.apache.myfaces.STRICT_JSF_2_VIEW_NOT_FOUND' found, using default value 'false'.
2021-06-08 01:06:12.983  INFO 13564 --- [main] o.a.m.webapp.WebConfigParamsLogger       : No context init parameter 'org.apache.myfaces.EARLY_FLUSH_ENABLED' found, using default value 'false'.
2021-06-08 01:06:12.983  INFO 13564 --- [main] o.a.m.webapp.WebConfigParamsLogger       : No context init parameter 'org.apache.myfaces.CDI_MANAGED_CONVERTERS_ENABLED' found, using default value 'false'.
2021-06-08 01:06:12.984  INFO 13564 --- [main] o.a.m.webapp.WebConfigParamsLogger       : No context init parameter 'org.apache.myfaces.CDI_MANAGED_VALIDATORS_ENABLED' found, using default value 'false'.
2021-06-08 01:06:12.984  INFO 13564 --- [main] o.a.m.webapp.WebConfigParamsLogger       : No context init parameter 'org.apache.myfaces.STRICT_JSF_2_FACELETS_COMPATIBILITY' found, using default value 'false'.
2021-06-08 01:06:12.985  INFO 13564 --- [main] o.a.m.webapp.WebConfigParamsLogger       : No context init parameter 'org.apache.myfaces.RENDER_FORM_VIEW_STATE_AT_BEGIN' found, using default value 'false'.
2021-06-08 01:06:12.985  INFO 13564 --- [main] o.a.m.webapp.WebConfigParamsLogger       : No context init parameter 'org.apache.myfaces.FLASH_SCOPE_DISABLED' found, using default value 'false'.
2021-06-08 01:06:12.986  INFO 13564 --- [main] o.a.m.webapp.WebConfigParamsLogger       : No context init parameter 'org.apache.myfaces.NUMBER_OF_VIEWS_IN_SESSION' found, using default value '20'.
2021-06-08 01:06:12.986  INFO 13564 --- [main] o.a.m.webapp.WebConfigParamsLogger       : No context init parameter 'org.apache.myfaces.NUMBER_OF_SEQUENTIAL_VIEWS_IN_SESSION' found, using default value '4'.
2021-06-08 01:06:12.987  INFO 13564 --- [main] o.a.m.webapp.WebConfigParamsLogger       : No context init parameter 'org.apache.myfaces.NUMBER_OF_FLASH_TOKENS_IN_SESSION' found.
2021-06-08 01:06:12.987  INFO 13564 --- [main] o.a.m.webapp.WebConfigParamsLogger       : No context init parameter 'org.apache.myfaces.FACES_FLOW_CLIENT_WINDOW_IDS_IN_SESSION' found.
2021-06-08 01:06:12.995  INFO 13564 --- [main] o.a.m.webapp.WebConfigParamsLogger       : No context init parameter 'org.apache.myfaces.SUPPORT_EL_3_IMPORT_HANDLER' found, using default value 'false'.
2021-06-08 01:06:12.998  INFO 13564 --- [main] o.a.m.webapp.WebConfigParamsLogger       : No context init parameter 'org.apache.myfaces.RESOURCE_MAX_TIME_EXPIRES' found, using default value '604800000'.
2021-06-08 01:06:12.999  INFO 13564 --- [main] o.a.m.webapp.WebConfigParamsLogger       : No context init parameter 'org.apache.myfaces.RESOURCE_HANDLER_CACHE_SIZE' found, using default value '500'.
2021-06-08 01:06:12.999  INFO 13564 --- [main] o.a.m.webapp.WebConfigParamsLogger       : No context init parameter 'org.apache.myfaces.RESOURCE_HANDLER_CACHE_ENABLED' found, using default value 'true'.
2021-06-08 01:06:13.000  INFO 13564 --- [main] o.a.m.webapp.WebConfigParamsLogger       : No context init parameter 'org.apache.myfaces.USE_ENCRYPTION' found, using default value 'true'.
2021-06-08 01:06:13.000  INFO 13564 --- [main] o.a.m.webapp.WebConfigParamsLogger       : No context init parameter 'org.apache.myfaces.SECRET' found.
2021-06-08 01:06:13.000  INFO 13564 --- [main] o.a.m.webapp.WebConfigParamsLogger       : No context init parameter 'org.apache.myfaces.ALGORITHM' found, using default value 'DES'.
2021-06-08 01:06:13.001  INFO 13564 --- [main] o.a.m.webapp.WebConfigParamsLogger       : No context init parameter 'org.apache.myfaces.SECRET.CACHE' found.
2021-06-08 01:06:13.001  INFO 13564 --- [main] o.a.m.webapp.WebConfigParamsLogger       : No context init parameter 'org.apache.myfaces.ALGORITHM.IV' found.
2021-06-08 01:06:13.001  INFO 13564 --- [main] o.a.m.webapp.WebConfigParamsLogger       : No context init parameter 'org.apache.myfaces.ALGORITHM.PARAMETERS' found, using default value 'ECB/PKCS5Padding'.
2021-06-08 01:06:13.002  INFO 13564 --- [main] o.a.m.webapp.WebConfigParamsLogger       : No context init parameter 'org.apache.myfaces.SERIAL_FACTORY' found.
2021-06-08 01:06:13.005  INFO 13564 --- [main] o.a.m.webapp.WebConfigParamsLogger       : No context init parameter 'org.apache.myfaces.COMPRESS_STATE_IN_CLIENT' found, using default value 'false'.
2021-06-08 01:06:13.013  INFO 13564 --- [main] o.a.m.webapp.WebConfigParamsLogger       : No context init parameter 'org.apache.myfaces.MAC_ALGORITHM' found, using default value 'HmacSHA1'.
2021-06-08 01:06:13.016  INFO 13564 --- [main] o.a.m.webapp.WebConfigParamsLogger       : No context init parameter 'org.apache.myfaces.MAC_SECRET' found.
2021-06-08 01:06:13.016  INFO 13564 --- [main] o.a.m.webapp.WebConfigParamsLogger       : No context init parameter 'org.apache.myfaces.MAC_SECRET.CACHE' found.
2021-06-08 01:06:13.021  INFO 13564 --- [main] o.a.m.webapp.WebConfigParamsLogger       : No context init parameter 'javax.faces.PROJECT_STAGE' found, using default value 'Production'.
2021-06-08 01:06:13.021  INFO 13564 --- [main] o.a.m.webapp.WebConfigParamsLogger       : No context init parameter 'org.apache.myfaces.LAZY_LOAD_CONFIG_OBJECTS' found, using default value 'true'.
2021-06-08 01:06:13.021  INFO 13564 --- [main] o.a.m.webapp.WebConfigParamsLogger       : No context init parameter 'org.apache.myfaces.STRICT_JSF_2_ALLOW_SLASH_LIBRARY_NAME' found, using default value 'false'.
2021-06-08 01:06:13.022  INFO 13564 --- [main] o.a.m.webapp.WebConfigParamsLogger       : No context init parameter 'org.apache.myfaces.RESOURCE_BUFFER_SIZE' found, using default value '2048'.
2021-06-08 01:06:13.023  INFO 13564 --- [main] o.a.m.webapp.WebConfigParamsLogger       : No context init parameter 'org.apache.myfaces.RANDOM_KEY_IN_CSRF_SESSION_TOKEN' found, using default value 'none'.
2021-06-08 01:06:13.027  INFO 13564 --- [main] o.a.m.webapp.WebConfigParamsLogger       : No context init parameter 'org.apache.myfaces.RANDOM_KEY_IN_CSRF_SESSION_TOKEN_LENGTH' found, using default value '16'.
2021-06-08 01:06:13.031  INFO 13564 --- [main] o.a.m.webapp.WebConfigParamsLogger       : No context init parameter 'org.apache.myfaces.RANDOM_KEY_IN_CSRF_SESSION_TOKEN_SECURE_RANDOM_CLASS' found.
2021-06-08 01:06:13.035  INFO 13564 --- [main] o.a.m.webapp.WebConfigParamsLogger       : No context init parameter 'org.apache.myfaces.RANDOM_KEY_IN_CSRF_SESSION_TOKEN_SECURE_RANDOM_PROVIDER' found.
2021-06-08 01:06:13.035  INFO 13564 --- [main] o.a.m.webapp.WebConfigParamsLogger       : No context init parameter 'org.apache.myfaces.RANDOM_KEY_IN_CSRF_SESSION_TOKEN_SECURE_RANDOM_ALGORITM' found, using default value 'SHA1PRNG'.
2021-06-08 01:06:13.036  INFO 13564 --- [main] o.a.m.webapp.WebConfigParamsLogger       : No context init parameter 'org.apache.myfaces.CLIENT_VIEW_STATE_TIMEOUT' found, using default value '0'.
2021-06-08 01:06:13.037  INFO 13564 --- [main] o.a.m.webapp.WebConfigParamsLogger       : No context init parameter 'org.apache.myfaces.SERIALIZE_STATE_IN_SESSION' found, using default value 'false'.
2021-06-08 01:06:13.037  INFO 13564 --- [main] o.a.m.webapp.WebConfigParamsLogger       : No context init parameter 'org.apache.myfaces.COMPRESS_STATE_IN_SESSION' found, using default value 'true'.
2021-06-08 01:06:13.037  INFO 13564 --- [main] o.a.m.webapp.WebConfigParamsLogger       : No context init parameter 'org.apache.myfaces.CACHE_OLD_VIEWS_IN_SESSION_MODE' found, using default value 'off'.
2021-06-08 01:06:13.038  INFO 13564 --- [main] o.a.m.webapp.WebConfigParamsLogger       : No context init parameter 'org.apache.myfaces.USE_FLASH_SCOPE_PURGE_VIEWS_IN_SESSION' found, using default value 'false'.
2021-06-08 01:06:13.038  INFO 13564 --- [main] o.a.m.webapp.WebConfigParamsLogger       : No context init parameter 'org.apache.myfaces.RANDOM_KEY_IN_VIEW_STATE_SESSION_TOKEN' found, using default value 'none'.
2021-06-08 01:06:13.039  INFO 13564 --- [main] o.a.m.webapp.WebConfigParamsLogger       : No context init parameter 'org.apache.myfaces.RANDOM_KEY_IN_VIEW_STATE_SESSION_TOKEN_LENGTH' found, using default value '8'.
2021-06-08 01:06:13.051  INFO 13564 --- [main] o.a.m.webapp.WebConfigParamsLogger       : No context init parameter 'org.apache.myfaces.RANDOM_KEY_IN_VIEW_STATE_SESSION_TOKEN_SECURE_RANDOM_CLASS' found.
2021-06-08 01:06:13.052  INFO 13564 --- [main] o.a.m.webapp.WebConfigParamsLogger       : No context init parameter 'org.apache.myfaces.RANDOM_KEY_IN_VIEW_STATE_SESSION_TOKEN_SECURE_RANDOM_PROVIDER' found.
2021-06-08 01:06:13.052  INFO 13564 --- [main] o.a.m.webapp.WebConfigParamsLogger       : No context init parameter 'org.apache.myfaces.RANDOM_KEY_IN_VIEW_STATE_SESSION_TOKEN_SECURE_RANDOM_ALGORITM' found, using default value 'SHA1PRNG'.
2021-06-08 01:06:13.053  INFO 13564 --- [main] o.a.m.webapp.WebConfigParamsLogger       : No context init parameter 'facelets.LIBRARIES' found.
2021-06-08 01:06:13.053  INFO 13564 --- [main] o.a.m.webapp.WebConfigParamsLogger       : No context init parameter 'org.apache.myfaces.VALIDATE' found, using default value 'false'.
2021-06-08 01:06:13.053  INFO 13564 --- [main] o.a.m.webapp.WebConfigParamsLogger       : No context init parameter 'org.apache.myfaces.annotation.USE_CDI_FOR_ANNOTATION_SCANNING' found.
2021-06-08 01:06:13.054  INFO 13564 --- [main] o.a.m.webapp.WebConfigParamsLogger       : No context init parameter 'org.apache.myfaces.annotation.SCAN_PACKAGES' found.
2021-06-08 01:06:13.054  INFO 13564 --- [main] o.a.m.webapp.WebConfigParamsLogger       : No context init parameter 'org.apache.myfaces.config.annotation.LifecycleProvider' found.
2021-06-08 01:06:13.055  INFO 13564 --- [main] o.a.m.webapp.WebConfigParamsLogger       : No context init parameter 'org.apache.myfaces.INITIALIZE_SKIP_JAR_FACES_CONFIG_SCAN' found, using default value 'false'.
2021-06-08 01:06:13.063  INFO 13564 --- [main] o.a.m.webapp.WebConfigParamsLogger       : No context init parameter 'org.apache.myfaces.EL_RESOLVER_COMPARATOR' found.
2021-06-08 01:06:13.067  INFO 13564 --- [main] o.a.m.webapp.WebConfigParamsLogger       : No context init parameter 'org.apache.myfaces.EL_RESOLVER_PREDICATE' found.
2021-06-08 01:06:13.068  INFO 13564 --- [main] o.a.m.webapp.WebConfigParamsLogger       : No context init parameter 'org.apache.myfaces.DEFAULT_WINDOW_MODE' found, using default value 'url'.
2021-06-08 01:06:13.068  INFO 13564 --- [main] o.a.m.webapp.WebConfigParamsLogger       : No context init parameter 'org.apache.myfaces.CHECKED_VIEWID_CACHE_SIZE' found, using default value '500'.
2021-06-08 01:06:13.068  INFO 13564 --- [main] o.a.m.webapp.WebConfigParamsLogger       : No context init parameter 'org.apache.myfaces.CHECKED_VIEWID_CACHE_ENABLED' found, using default value 'true'.
2021-06-08 01:06:13.069  INFO 13564 --- [main] o.a.m.webapp.WebConfigParamsLogger       : No context init parameter 'org.apache.myfaces.ERROR_TEMPLATE_RESOURCE' found, using default value 'META-INF/rsc/myfaces-dev-error.xml'.
2021-06-08 01:06:13.070  INFO 13564 --- [main] o.a.m.webapp.WebConfigParamsLogger       : No context init parameter 'org.apache.myfaces.DEBUG_TEMPLATE_RESOURCE' found, using default value 'META-INF/rsc/myfaces-dev-debug.xml'.
2021-06-08 01:06:13.070  INFO 13564 --- [main] o.a.m.webapp.WebConfigParamsLogger       : No context init parameter 'org.apache.myfaces.ERROR_HANDLING' found, using default value 'false, on Development Project stage: true'.
2021-06-08 01:06:13.070  INFO 13564 --- [main] o.a.m.webapp.WebConfigParamsLogger       : No context init parameter 'org.apache.myfaces.HANDLE_STATE_CACHING_MECHANICS' found, using default value 'true'.
2021-06-08 01:06:13.071  INFO 13564 --- [main] o.a.m.webapp.WebConfigParamsLogger       : No context init parameter 'org.apache.myfaces.AUTOCOMPLETE_OFF_VIEW_STATE' found, using default value 'true'.
2021-06-08 01:06:13.077  INFO 13564 --- [main] o.a.m.webapp.WebConfigParamsLogger       : No context init parameter 'org.apache.myfaces.USE_MULTIPLE_JS_FILES_FOR_JSF_UNCOMPRESSED_JS' found, using default value 'false'.
2021-06-08 01:06:13.078  INFO 13564 --- [main] o.a.m.webapp.WebConfigParamsLogger       : No context init parameter 'org.apache.myfaces.JSF_JS_MODE' found, using default value 'normal'.
2021-06-08 01:06:13.082  INFO 13564 --- [main] o.a.m.webapp.WebConfigParamsLogger       : No context init parameter 'org.apache.myfaces.TEMPORAL_RESOURCEHANDLER_CACHE_ENABLED' found, using default value 'false'.
2021-06-08 01:06:13.082  INFO 13564 --- [main] o.a.m.webapp.WebConfigParamsLogger       : No context init parameter 'org.apache.myfaces.SERVICE_PROVIDER_FINDER' found.
2021-06-08 01:06:13.082  INFO 13564 --- [main] o.a.m.webapp.WebConfigParamsLogger       : No context init parameter 'org.apache.myfaces.spi.InjectionProvider' found.
2021-06-08 01:06:13.083  INFO 13564 --- [main] o.a.m.webapp.WebConfigParamsLogger       : No context init parameter 'javax.faces.DISABLE_FACELET_JSF_VIEWHANDLER' found, using default value 'false'.
2021-06-08 01:06:13.083  INFO 13564 --- [main] o.a.m.webapp.WebConfigParamsLogger       : No context init parameter 'org.apache.myfaces.SAVE_STATE_WITH_VISIT_TREE_ON_PSS' found, using default value 'true'.
2021-06-08 01:06:13.083  INFO 13564 --- [main] o.a.m.webapp.WebConfigParamsLogger       : No context init parameter 'org.apache.myfaces.CHECK_ID_PRODUCTION_MODE' found, using default value 'auto'.
2021-06-08 01:06:13.084  INFO 13564 --- [main] o.a.m.webapp.WebConfigParamsLogger       : No context init parameter 'facelets.BUFFER_SIZE' found.
2021-06-08 01:06:13.084  INFO 13564 --- [main] o.a.m.webapp.WebConfigParamsLogger       : No context init parameter 'facelets.REFRESH_PERIOD' found, using default value '-1'.
2021-06-08 01:06:13.085  INFO 13564 --- [main] o.a.m.webapp.WebConfigParamsLogger       : No context init parameter 'javax.faces.FACELETS_RESOURCE_RESOLVER' found.
2021-06-08 01:06:13.085  INFO 13564 --- [main] o.a.m.webapp.WebConfigParamsLogger       : No context init parameter 'facelets.RESOURCE_RESOLVER' found.
2021-06-08 01:06:13.094  INFO 13564 --- [main] o.a.m.webapp.WebConfigParamsLogger       : No context init parameter 'org.apache.myfaces.MARK_INITIAL_STATE_WHEN_APPLY_BUILD_VIEW' found, using default value 'false'.
2021-06-08 01:06:13.095  INFO 13564 --- [main] o.a.m.webapp.WebConfigParamsLogger       : No context init parameter 'facelets.DECORATORS' found.
2021-06-08 01:06:13.099  INFO 13564 --- [main] o.a.m.webapp.WebConfigParamsLogger       : No context init parameter 'facelets.SKIP_COMMENTS' found.
2021-06-08 01:06:13.099  INFO 13564 --- [main] o.a.m.webapp.WebConfigParamsLogger       : No context init parameter 'org.apache.myfaces.WRAP_TAG_EXCEPTIONS_AS_CONTEXT_AWARE' found, using default value 'true'.
2021-06-08 01:06:13.100  INFO 13564 --- [main] o.a.m.webapp.WebConfigParamsLogger       : No context init parameter 'org.apache.myfaces.CACHE_EL_EXPRESSIONS' found, using default value 'noCache'.
2021-06-08 01:06:13.101  INFO 13564 --- [main] o.a.m.webapp.WebConfigParamsLogger       : No context init parameter 'org.apache.myfaces.VIEW_POOL_MAX_POOL_SIZE' found, using default value '5'.
2021-06-08 01:06:13.101  INFO 13564 --- [main] o.a.m.webapp.WebConfigParamsLogger       : No context init parameter 'org.apache.myfaces.VIEW_POOL_MAX_DYNAMIC_PARTIAL_LIMIT' found, using default value '2'.
2021-06-08 01:06:13.101  INFO 13564 --- [main] o.a.m.webapp.WebConfigParamsLogger       : No context init parameter 'org.apache.myfaces.VIEW_POOL_ENTRY_MODE' found, using default value 'soft'.
2021-06-08 01:06:13.102  INFO 13564 --- [main] o.a.m.webapp.WebConfigParamsLogger       : No context init parameter 'org.apache.myfaces.VIEW_POOL_DEFERRED_NAVIGATION' found, using default value 'false'.
2021-06-08 01:06:13.111  INFO 13564 --- [main] o.a.m.webapp.WebConfigParamsLogger       : No context init parameter 'org.apache.myfaces.validator.BEAN_BEFORE_JSF_VALIDATION' found, using default value 'false'.
2021-06-08 01:06:13.112  INFO 13564 --- [main] o.a.m.webapp.WebConfigParamsLogger       : No context init parameter 'org.apache.myfaces.EXPRESSION_FACTORY' found.
2021-06-08 01:06:13.115  INFO 13564 --- [main] o.a.m.webapp.WebConfigParamsLogger       : No context init parameter 'org.apache.myfaces.INITIALIZE_ALWAYS_STANDALONE' found, using default value 'false'.
2021-06-08 01:06:13.115  INFO 13564 --- [main] o.a.m.webapp.WebConfigParamsLogger       : No context init parameter 'org.apache.myfaces.LOG_WEB_CONTEXT_PARAMS' found, using default value 'auto'.
2021-06-08 01:06:13.116  INFO 13564 --- [main] o.a.m.webapp.WebConfigParamsLogger       : No context init parameter 'org.apache.myfaces.FACES_INITIALIZER' found.
2021-06-08 01:06:13.117  INFO 13564 --- [main] o.a.m.webapp.WebConfigParamsLogger       : No context init parameter 'org.apache.myfaces.FACES_INIT_PLUGINS' found.
2021-06-08 01:06:13.118  INFO 13564 --- [main] o.a.myfaces.util.ExternalSpecifications  : MyFaces Unified EL support enabled
2021-06-08 01:06:13.124  INFO 13564 --- [main] o.a.m.view.facelets.ViewPoolProcessor    : org.apache.myfaces.CACHE_EL_EXPRESSIONS web config parameter is set to "noCache". To enable view pooling this param must be set to "alwaysRecompile". View Pooling disabled.
2021-06-08 01:06:13.134  INFO 13564 --- [main] o.a.m.w.StartupServletContextListener    : MyFaces Core has started, it took [1594] ms.
2021-06-08 01:06:13.141  INFO 13564 --- [main] unknown.jul.logger                       : RewriteFilter starting up...
2021-06-08 01:06:13.174  INFO 13564 --- [main] unknown.jul.logger                       : Loaded [3] org.ocpsoft.rewrite.servlet.spi.RewriteLifecycleListener [org.ocpsoft.rewrite.faces.FacesRewriteLifecycleListener<0>, org.ocpsoft.rewrite.servlet.config.lifecycle.JoinRewriteLifecycleListener<2147483647>, org.ocpsoft.rewrite.servlet.impl.DefaultRewriteLifecycleListener<2147483647>]
2021-06-08 01:06:13.175  INFO 13564 --- [main] unknown.jul.logger                       : Loaded [1] org.ocpsoft.rewrite.servlet.spi.RequestCycleWrapper [org.ocpsoft.rewrite.servlet.impl.HttpRewriteRequestCycleWrapper<0>]
2021-06-08 01:06:13.179  INFO 13564 --- [main] unknown.jul.logger                       : Loaded [1] org.ocpsoft.rewrite.spi.RewriteProvider [org.ocpsoft.rewrite.servlet.impl.DefaultHttpRewriteProvider<0>]
2021-06-08 01:06:13.179  INFO 13564 --- [main] unknown.jul.logger                       : Loaded [1] org.ocpsoft.rewrite.servlet.spi.RewriteResultHandler [org.ocpsoft.rewrite.servlet.impl.HttpRewriteResultHandler<0>]
2021-06-08 01:06:13.184  INFO 13564 --- [main] unknown.jul.logger                       : Loaded [1] org.ocpsoft.rewrite.servlet.spi.InboundRewriteProducer [org.ocpsoft.rewrite.servlet.impl.HttpInboundRewriteProducer<0>]
2021-06-08 01:06:13.185  INFO 13564 --- [main] unknown.jul.logger                       : Loaded [1] org.ocpsoft.rewrite.servlet.spi.OutboundRewriteProducer [org.ocpsoft.rewrite.servlet.impl.HttpOutboundRewriteProducer<0>]
2021-06-08 01:06:13.186  INFO 13564 --- [main] unknown.jul.logger                       : Loaded [0] org.ocpsoft.rewrite.servlet.spi.ContextListener []
2021-06-08 01:06:13.187  INFO 13564 --- [main] unknown.jul.logger                       : Loaded [0] org.ocpsoft.rewrite.servlet.spi.RequestListener []
2021-06-08 01:06:13.187  INFO 13564 --- [main] unknown.jul.logger                       : Loaded [0] org.ocpsoft.rewrite.servlet.spi.RequestParameterProvider []
2021-06-08 01:06:13.199  INFO 13564 --- [main] unknown.jul.logger                       : Loaded [1] org.ocpsoft.rewrite.el.spi.ExpressionLanguageProvider [org.ocpsoft.rewrite.faces.FacesExpressionLanguageProvider<30>]
2021-06-08 01:06:13.201  INFO 13564 --- [main] unknown.jul.logger                       : Loaded [1] org.ocpsoft.rewrite.spi.InvocationResultHandler [org.ocpsoft.rewrite.faces.NavigatingInvocationResultHandler<100>]
2021-06-08 01:06:13.202  INFO 13564 --- [main] unknown.jul.logger                       : Loaded [0] org.ocpsoft.common.spi.ServiceEnricher []
2021-06-08 01:06:13.207  INFO 13564 --- [main] unknown.jul.logger                       : Loaded [1] org.ocpsoft.rewrite.spi.ConfigurationCacheProvider [org.ocpsoft.rewrite.servlet.impl.ServletContextConfigurationCacheProvider<0>]
2021-06-08 01:06:13.215  INFO 13564 --- [main] unknown.jul.logger                       : Loaded [1] org.ocpsoft.rewrite.config.ConfigurationProvider [org.ocpsoft.rewrite.annotation.config.AnnotationConfigProvider<100>]
2021-06-08 01:06:13.220  INFO 13564 --- [main] unknown.jul.logger                       : Loaded [0] org.ocpsoft.rewrite.spi.RuleCacheProvider []
2021-06-08 01:06:13.362  INFO 13564 --- [main] unknown.jul.logger                       : Rewrite 3.4.1.Final initialized.
2021-06-08 01:06:13.489  INFO 13564 --- [main] o.s.s.concurrent.ThreadPoolTaskExecutor  : Initializing ExecutorService 'applicationTaskExecutor'
2021-06-08 01:06:13.600  INFO 13564 --- [task-1] o.hibernate.jpa.internal.util.LogHelper  : HHH000204: Processing PersistenceUnitInfo [name: default]
2021-06-08 01:06:13.650  INFO 13564 --- [task-1] org.hibernate.Version                    : HHH000412: Hibernate ORM core version 5.4.22.Final
2021-06-08 01:06:13.773  INFO 13564 --- [task-1] o.hibernate.annotations.common.Version   : HCANN000001: Hibernate Commons Annotations {5.1.0.Final}
2021-06-08 01:06:13.860  INFO 13564 --- [task-1] com.zaxxer.hikari.HikariDataSource       : HikariPool-1 - Starting...
2021-06-08 01:06:14.066  INFO 13564 --- [task-1] com.zaxxer.hikari.HikariDataSource       : HikariPool-1 - Start completed.
2021-06-08 01:06:14.079  INFO 13564 --- [task-1] org.hibernate.dialect.Dialect            : HHH000400: Using dialect: org.hibernate.dialect.MySQL5Dialect
2021-06-08 01:06:14.572  INFO 13564 --- [task-1] org.hibernate.tuple.PojoInstantiator     : HHH000182: No default (no-argument) constructor for class: com.example.kidszonea4arctic3.models.Views (class must be instantiated by Interceptor)
2021-06-08 01:06:16.614  INFO 13564 --- [task-1] o.h.e.t.j.p.i.JtaPlatformInitiator       : HHH000490: Using JtaPlatform implementation: [org.hibernate.engine.transaction.jta.platform.internal.NoJtaPlatform]
2021-06-08 01:06:16.627  INFO 13564 --- [task-1] j.LocalContainerEntityManagerFactoryBean : Initialized JPA EntityManagerFactory for persistence unit 'default'
2021-06-08 01:06:17.340  WARN 13564 --- [main] JpaBaseConfiguration$JpaWebConfiguration : spring.jpa.open-in-view is enabled by default. Therefore, database queries may be performed during view rendering. Explicitly configure spring.jpa.open-in-view to disable this warning
2021-06-08 01:06:17.823  WARN 13564 --- [main] ion$DefaultTemplateResolverConfiguration : Cannot find template location: classpath:/templates/ (please add some templates or check your Thymeleaf configuration)
2021-06-08 01:06:18.215  INFO 13564 --- [main] o.s.b.w.embedded.tomcat.TomcatWebServer  : Tomcat started on port(s): 8024 (http) with context path '/SpringMVC'
2021-06-08 01:06:18.217  INFO 13564 --- [main] DeferredRepositoryInitializationListener : Triggering deferred initialization of Spring Data repositories…
2021-06-08 01:06:18.333  INFO 13564 --- [main] DeferredRepositoryInitializationListener : Spring Data repositories initialized!
2021-06-08 01:06:18.342  INFO 13564 --- [main] c.e.k.KidsZoneA4arctic3Application       : Started KidsZoneA4arctic3Application in 9.859 seconds (JVM running for 10.388)
